[debug] [2022-07-19T07:19:50.231Z] ----------------------------------------------------------------------
[debug] [2022-07-19T07:19:50.233Z] Command:       /usr/local/bin/firebase /Users/timkinzer/.cache/firebase/tools/lib/node_modules/firebase-tools/lib/bin/firebase emulators:start
[debug] [2022-07-19T07:19:50.233Z] CLI Version:   9.21.0
[debug] [2022-07-19T07:19:50.233Z] Platform:      darwin
[debug] [2022-07-19T07:19:50.233Z] Node Version:  v12.18.1
[debug] [2022-07-19T07:19:50.234Z] Time:          Tue Jul 19 2022 00:19:50 GMT-0700 (Pacific Daylight Time)
[debug] [2022-07-19T07:19:50.234Z] ----------------------------------------------------------------------
[debug] 
[debug] [2022-07-19T07:19:50.274Z] Object ".emulators.auth" in "firebase.json" has unknown property: {"additionalProperty":"enabled"}
[debug] [2022-07-19T07:19:50.276Z] > command requires scopes: ["email","openid","https://www.googleapis.com/auth/cloudplatformprojects.readonly","https://www.googleapis.com/auth/firebase","https://www.googleapis.com/auth/cloud-platform"]
[debug] [2022-07-19T07:19:50.277Z] > authorizing via signed-in user (timothykinzer@gmail.com)
[info] i  emulators: Starting emulators: auth, functions, firestore, database, hosting, pubsub, storage {"metadata":{"emulator":{"name":"hub"},"message":"Starting emulators: auth, functions, firestore, database, hosting, pubsub, storage"}}
[debug] [2022-07-19T07:19:50.291Z] [hub] writing locator at /var/folders/cz/rlwy35kd1sd5v93svf6lf_w40000gq/T/hub-insight-loop.json
[warn] ⚠  Your requested "node" version "14" doesn't match your global version "12" {"metadata":{"emulator":{"name":"functions"},"message":"Your requested \"node\" version \"14\" doesn't match your global version \"12\""}}
[debug] [2022-07-19T07:20:20.348Z] defaultcredentials: writing to file /Users/timkinzer/.config/firebase/timothykinzer_gmail_com_application_default_credentials.json
[debug] [2022-07-19T07:20:20.352Z] Setting GAC to /Users/timkinzer/.config/firebase/timothykinzer_gmail_com_application_default_credentials.json {"metadata":{"emulator":{"name":"functions"},"message":"Setting GAC to /Users/timkinzer/.config/firebase/timothykinzer_gmail_com_application_default_credentials.json"}}
[debug] [2022-07-19T07:20:20.354Z] >>> [apiv2][query] GET https://firebase.googleapis.com/v1beta1/projects/insight-loop/adminSdkConfig [none]
[debug] [2022-07-19T07:20:50.427Z] Failed to get Admin SDK config for insight-loop, falling back to cache Failed to get Admin SDK for Firebase project insight-loop. Please make sure the project exists and your account has permission to access it. {"name":"FirebaseError","children":[],"exit":2,"message":"Failed to get Admin SDK for Firebase project insight-loop. Please make sure the project exists and your account has permission to access it.","original":{"name":"FirebaseError","children":[],"exit":1,"message":"Failed to make request to https://firebase.googleapis.com/v1beta1/projects/insight-loop/adminSdkConfig","original":{"message":"request to https://firebase.googleapis.com/v1beta1/projects/insight-loop/adminSdkConfig failed, reason: getaddrinfo ENOTFOUND firebase.googleapis.com","type":"system","errno":"ENOTFOUND","code":"ENOTFOUND"},"status":500},"status":500}
[debug] [2022-07-19T07:20:50.471Z] Ignoring unsupported arg: projectId {"metadata":{"emulator":{"name":"firestore"},"message":"Ignoring unsupported arg: projectId"}}
[debug] [2022-07-19T07:20:50.471Z] Ignoring unsupported arg: auto_download {"metadata":{"emulator":{"name":"firestore"},"message":"Ignoring unsupported arg: auto_download"}}
[debug] [2022-07-19T07:20:50.471Z] Starting Firestore Emulator with command {"binary":"java","args":["-Dgoogle.cloud_firestore.debug_log_level=FINE","-Duser.language=en","-jar","/Users/timkinzer/.cache/firebase/emulators/cloud-firestore-emulator-v1.13.1.jar","--host","localhost","--port",8089,"--rules","/Users/timkinzer/insightloop/insightloop-ui/firestore.rules","--functions_emulator","localhost:5550"],"optionalArgs":["port","webchannel_port","host","rules","functions_emulator","seed_from_export"],"joinArgs":false} {"metadata":{"emulator":{"name":"firestore"},"message":"Starting Firestore Emulator with command {\"binary\":\"java\",\"args\":[\"-Dgoogle.cloud_firestore.debug_log_level=FINE\",\"-Duser.language=en\",\"-jar\",\"/Users/timkinzer/.cache/firebase/emulators/cloud-firestore-emulator-v1.13.1.jar\",\"--host\",\"localhost\",\"--port\",8089,\"--rules\",\"/Users/timkinzer/insightloop/insightloop-ui/firestore.rules\",\"--functions_emulator\",\"localhost:5550\"],\"optionalArgs\":[\"port\",\"webchannel_port\",\"host\",\"rules\",\"functions_emulator\",\"seed_from_export\"],\"joinArgs\":false}"}}
[info] i  firestore: Firestore Emulator logging to firestore-debug.log {"metadata":{"emulator":{"name":"firestore"},"message":"Firestore Emulator logging to \u001b[1mfirestore-debug.log\u001b[22m"}}
[debug] [2022-07-19T07:20:52.934Z] Jul 19, 2022 12:20:52 AM com.google.cloud.datastore.emulator.firestore.websocket.WebSocketServer start
INFO: Started WebSocket server on ws://localhost:63162
 {"metadata":{"emulator":{"name":"firestore"},"message":"Jul 19, 2022 12:20:52 AM com.google.cloud.datastore.emulator.firestore.websocket.WebSocketServer start\nINFO: Started WebSocket server on ws://localhost:63162\n"}}
[debug] [2022-07-19T07:20:52.964Z] API endpoint: http://localhost {"metadata":{"emulator":{"name":"firestore"},"message":"API endpoint: http://localhost"}}
[debug] [2022-07-19T07:20:52.964Z] :8089
If you are using a library that supports the FIRESTORE_EMULATOR_HOST environment variable, run:

   export FIRESTORE_EMULATOR_HOST=localhost:8089

Dev App Server is now running.

 {"metadata":{"emulator":{"name":"firestore"},"message":":8089\nIf you are using a library that supports the FIRESTORE_EMULATOR_HOST environment variable, run:\n\n   export FIRESTORE_EMULATOR_HOST=localhost:8089\n\nDev App Server is now running.\n\n"}}
[debug] [2022-07-19T07:20:53.038Z] >>> [apiv2][query] GET https://firebase.googleapis.com/v1beta1/projects/insight-loop [none]
[debug] [2022-07-19T07:21:04.224Z] <<< [apiv2][status] GET https://firebase.googleapis.com/v1beta1/projects/insight-loop 200
[debug] [2022-07-19T07:21:04.227Z] <<< [apiv2][body] GET https://firebase.googleapis.com/v1beta1/projects/insight-loop {"projectId":"insight-loop","projectNumber":"429871420839","displayName":"insight-loop","name":"projects/insight-loop","resources":{"hostingSite":"insight-loop","realtimeDatabaseInstance":"insight-loop-default-rtdb","storageBucket":"insight-loop.appspot.com","locationId":"us-central"},"state":"ACTIVE"}
[debug] [2022-07-19T07:21:04.231Z] database rules config:  [{"instance":"insight-loop-default-rtdb","rules":"/Users/timkinzer/insightloop/insightloop-ui/database.rules.json"}]
[debug] [2022-07-19T07:21:04.240Z] Ignoring unsupported arg: projectId {"metadata":{"emulator":{"name":"database"},"message":"Ignoring unsupported arg: projectId"}}
[debug] [2022-07-19T07:21:04.240Z] Ignoring unsupported arg: auto_download {"metadata":{"emulator":{"name":"database"},"message":"Ignoring unsupported arg: auto_download"}}
[debug] [2022-07-19T07:21:04.240Z] Ignoring unsupported arg: rules {"metadata":{"emulator":{"name":"database"},"message":"Ignoring unsupported arg: rules"}}
[debug] [2022-07-19T07:21:04.240Z] Starting Database Emulator with command {"binary":"java","args":["-Duser.language=en","-jar","/Users/timkinzer/.cache/firebase/emulators/firebase-database-emulator-v4.7.2.jar","--host","localhost","--port",5555,"--functions_emulator_host","localhost","--functions_emulator_port",5550],"optionalArgs":["port","host","functions_emulator_port","functions_emulator_host"],"joinArgs":false} {"metadata":{"emulator":{"name":"database"},"message":"Starting Database Emulator with command {\"binary\":\"java\",\"args\":[\"-Duser.language=en\",\"-jar\",\"/Users/timkinzer/.cache/firebase/emulators/firebase-database-emulator-v4.7.2.jar\",\"--host\",\"localhost\",\"--port\",5555,\"--functions_emulator_host\",\"localhost\",\"--functions_emulator_port\",5550],\"optionalArgs\":[\"port\",\"host\",\"functions_emulator_port\",\"functions_emulator_host\"],\"joinArgs\":false}"}}
[info] i  database: Database Emulator logging to database-debug.log {"metadata":{"emulator":{"name":"database"},"message":"Database Emulator logging to \u001b[1mdatabase-debug.log\u001b[22m"}}
[debug] [2022-07-19T07:21:05.681Z] WARNING: An illegal reflective access operation has occurred
WARNING: Illegal reflective access by io.netty.util.internal.ReflectionUtil (file:/Users/timkinzer/.cache/firebase/emulators/firebase-database-emulator-v4.7.2.jar) to field sun.nio.ch.SelectorImpl.selectedKeys
WARNING: Please consider reporting this to the maintainers of io.netty.util.internal.ReflectionUtil
WARNING: Use --illegal-access=warn to enable warnings of further illegal reflective access operations
WARNING: All illegal access operations will be denied in a future release {"metadata":{"emulator":{"name":"database"},"message":"WARNING: An illegal reflective access operation has occurred\nWARNING: Illegal reflective access by io.netty.util.internal.ReflectionUtil (file:/Users/timkinzer/.cache/firebase/emulators/firebase-database-emulator-v4.7.2.jar) to field sun.nio.ch.SelectorImpl.selectedKeys\nWARNING: Please consider reporting this to the maintainers of io.netty.util.internal.ReflectionUtil\nWARNING: Use --illegal-access=warn to enable warnings of further illegal reflective access operations\nWARNING: All illegal access operations will be denied in a future release"}}
[debug] [2022-07-19T07:21:05.682Z] 
 {"metadata":{"emulator":{"name":"database"},"message":"\n"}}
[debug] [2022-07-19T07:21:06.818Z] 00:21:06.815 [NamespaceSystem-akka.actor.default-dispatcher-4] INFO akka.event.slf4j.Slf4jLogger - Slf4jLogger started
 {"metadata":{"emulator":{"name":"database"},"message":"00:21:06.815 [NamespaceSystem-akka.actor.default-dispatcher-4] INFO akka.event.slf4j.Slf4jLogger - Slf4jLogger started\n"}}
[debug] [2022-07-19T07:21:07.061Z] 00:21:07.060 [main] INFO com.firebase.server.forge.App$ - Listening at localhost:5555
 {"metadata":{"emulator":{"name":"database"},"message":"00:21:07.060 [main] INFO com.firebase.server.forge.App$ - Listening at localhost:5555\n"}}
[debug] [2022-07-19T07:21:09.785Z] Ignoring unsupported arg: projectId {"metadata":{"emulator":{"name":"pubsub"},"message":"Ignoring unsupported arg: projectId"}}
[debug] [2022-07-19T07:21:09.786Z] Ignoring unsupported arg: auto_download {"metadata":{"emulator":{"name":"pubsub"},"message":"Ignoring unsupported arg: auto_download"}}
[debug] [2022-07-19T07:21:09.786Z] Starting Pub/Sub Emulator with command {"binary":"/Users/timkinzer/.cache/firebase/emulators/pubsub-emulator-0.1.0/pubsub-emulator/bin/cloud-pubsub-emulator","args":["--host=localhost","--port=4202"],"optionalArgs":["port","host"],"joinArgs":true} {"metadata":{"emulator":{"name":"pubsub"},"message":"Starting Pub/Sub Emulator with command {\"binary\":\"/Users/timkinzer/.cache/firebase/emulators/pubsub-emulator-0.1.0/pubsub-emulator/bin/cloud-pubsub-emulator\",\"args\":[\"--host=localhost\",\"--port=4202\"],\"optionalArgs\":[\"port\",\"host\"],\"joinArgs\":true}"}}
[info] i  pubsub: Pub/Sub Emulator logging to pubsub-debug.log {"metadata":{"emulator":{"name":"pubsub"},"message":"Pub/Sub Emulator logging to \u001b[1mpubsub-debug.log\u001b[22m"}}
[debug] [2022-07-19T07:21:10.201Z] This is the Google Pub/Sub fake. {"metadata":{"emulator":{"name":"pubsub"},"message":"This is the Google Pub/Sub fake."}}
[debug] [2022-07-19T07:21:10.202Z] 
Implementation may be incomplete or differ from the real system.
 {"metadata":{"emulator":{"name":"pubsub"},"message":"\nImplementation may be incomplete or differ from the real system.\n"}}
[debug] [2022-07-19T07:21:10.277Z] Jul 19, 2022 12:21:10 AM com.google.cloud.pubsub.testing.v1.Main main
INFO: IAM integration is disabled. IAM policy methods and ACL checks are not supported
 {"metadata":{"emulator":{"name":"pubsub"},"message":"Jul 19, 2022 12:21:10 AM com.google.cloud.pubsub.testing.v1.Main main\nINFO: IAM integration is disabled. IAM policy methods and ACL checks are not supported\n"}}
[debug] [2022-07-19T07:21:10.809Z] Jul 19, 2022 12:21:10 AM io.gapi.emulators.netty.NettyUtil applyJava7LongHostnameWorkaround
INFO: Unable to apply Java 7 long hostname workaround.
 {"metadata":{"emulator":{"name":"pubsub"},"message":"Jul 19, 2022 12:21:10 AM io.gapi.emulators.netty.NettyUtil applyJava7LongHostnameWorkaround\nINFO: Unable to apply Java 7 long hostname workaround.\n"}}
[debug] [2022-07-19T07:21:10.909Z] Jul 19, 2022 12:21:10 AM com.google.cloud.pubsub.testing.v1.Main main
INFO: Server started, listening on 4202
 {"metadata":{"emulator":{"name":"pubsub"},"message":"Jul 19, 2022 12:21:10 AM com.google.cloud.pubsub.testing.v1.Main main\nINFO: Server started, listening on 4202\n"}}
[debug] [2022-07-19T07:21:11.082Z] Ignoring unsupported arg: port {"metadata":{"emulator":{"name":"storage"},"message":"Ignoring unsupported arg: port"}}
[debug] [2022-07-19T07:21:11.193Z] Jul 19, 2022 12:21:11 AM io.gapi.emulators.grpc.GrpcServer$3 operationComplete
INFO: Adding handler(s) to newly registered Channel.
 {"metadata":{"emulator":{"name":"pubsub"},"message":"Jul 19, 2022 12:21:11 AM io.gapi.emulators.grpc.GrpcServer$3 operationComplete\nINFO: Adding handler(s) to newly registered Channel.\n"}}
[debug] [2022-07-19T07:21:11.403Z] Temp file directory for storage emulator: /var/folders/cz/rlwy35kd1sd5v93svf6lf_w40000gq/T/firebase/storage/blobs {"metadata":{"emulator":{"name":"storage"},"message":"Temp file directory for storage emulator: /var/folders/cz/rlwy35kd1sd5v93svf6lf_w40000gq/T/firebase/storage/blobs"}}
[debug] [2022-07-19T07:21:12.319Z] >>> [apiv2][query] GET https://firebasehosting.googleapis.com/v1beta1/projects/insight-loop/sites 
[debug] [2022-07-19T07:21:12.814Z] <<< [apiv2][status] GET https://firebasehosting.googleapis.com/v1beta1/projects/insight-loop/sites 200
[debug] [2022-07-19T07:21:12.815Z] <<< [apiv2][body] GET https://firebasehosting.googleapis.com/v1beta1/projects/insight-loop/sites {"sites":[{"name":"projects/insight-loop/sites/insight-loop","defaultUrl":"https://insight-loop.web.app","appId":"1:429871420839:web:bf576aa453960b5e875282","type":"DEFAULT_SITE"}]}
[debug] [2022-07-19T07:21:12.818Z] >>> [apiv2][query] GET https://firebase.googleapis.com/v1beta1/projects/insight-loop/webApps/1:429871420839:web:bf576aa453960b5e875282/config [none]
[debug] [2022-07-19T07:21:13.438Z] <<< [apiv2][status] GET https://firebase.googleapis.com/v1beta1/projects/insight-loop/webApps/1:429871420839:web:bf576aa453960b5e875282/config 200
[debug] [2022-07-19T07:21:13.439Z] <<< [apiv2][body] GET https://firebase.googleapis.com/v1beta1/projects/insight-loop/webApps/1:429871420839:web:bf576aa453960b5e875282/config {"projectId":"insight-loop","appId":"1:429871420839:web:bf576aa453960b5e875282","databaseURL":"https://insight-loop-default-rtdb.firebaseio.com","storageBucket":"insight-loop.appspot.com","locationId":"us-central","apiKey":"AIzaSyCP3txb00LQMcZm5iKQJEXMxTQ3kkINGLY","authDomain":"insight-loop.firebaseapp.com","messagingSenderId":"429871420839","measurementId":"G-HQRTNW8EFC"}
[info] i  hosting: Serving hosting files from: dist {"metadata":{"emulator":{"name":"hosting"},"message":"Serving hosting files from: \u001b[1mdist\u001b[22m"}}
[info] ✔  hosting: Local server: http://localhost:5002 {"metadata":{"emulator":{"name":"hosting"},"message":"Local server: \u001b[4m\u001b[1mhttp://localhost:5002\u001b[22m\u001b[24m"}}
[debug] [2022-07-19T07:21:13.771Z] Ignoring unsupported arg: auto_download {"metadata":{"emulator":{"name":"ui"},"message":"Ignoring unsupported arg: auto_download"}}
[debug] [2022-07-19T07:21:13.771Z] Ignoring unsupported arg: port {"metadata":{"emulator":{"name":"ui"},"message":"Ignoring unsupported arg: port"}}
[debug] [2022-07-19T07:21:13.772Z] Starting Emulator UI with command {"binary":"node","args":["/Users/timkinzer/.cache/firebase/emulators/ui-v1.6.4/server.bundle.js"],"optionalArgs":[],"joinArgs":false} {"metadata":{"emulator":{"name":"ui"},"message":"Starting Emulator UI with command {\"binary\":\"node\",\"args\":[\"/Users/timkinzer/.cache/firebase/emulators/ui-v1.6.4/server.bundle.js\"],\"optionalArgs\":[],\"joinArgs\":false}"}}
[info] i  ui: Emulator UI logging to ui-debug.log {"metadata":{"emulator":{"name":"ui"},"message":"Emulator UI logging to \u001b[1mui-debug.log\u001b[22m"}}
[debug] [2022-07-19T07:21:13.959Z] Web / API server started at localhost:4222
 {"metadata":{"emulator":{"name":"ui"},"message":"Web / API server started at localhost:4222\n"}}
[info] i  functions: Watching "/Users/timkinzer/insightloop/insightloop-ui/functions" for Cloud Functions... {"metadata":{"emulator":{"name":"functions"},"message":"Watching \"/Users/timkinzer/insightloop/insightloop-ui/functions\" for Cloud Functions..."}}
[debug] [2022-07-19T07:21:14.079Z] [worker-pool] addWorker(~diagnostic~) {"metadata":{"emulator":{"name":"functions"},"message":"[worker-pool] addWorker(~diagnostic~)"}}
[debug] [2022-07-19T07:21:14.080Z] [worker-pool] Adding worker with key ~diagnostic~, total=1 {"metadata":{"emulator":{"name":"functions"},"message":"[worker-pool] Adding worker with key ~diagnostic~, total=1"}}
[debug] [2022-07-19T07:21:14.080Z] [worker-pool] submitWork(triggerId=) {"metadata":{"emulator":{"name":"functions"},"message":"[worker-pool] submitWork(triggerId=)"}}
[debug] [2022-07-19T07:21:14.080Z] [worker-~diagnostic~-0c92d190-fa82-4ed9-855d-d69756d83e79]: Assigning socketPath: /var/folders/cz/rlwy35kd1sd5v93svf6lf_w40000gq/T/fire_emu_6751.sock {"metadata":{"emulator":{"name":"functions"},"message":"[worker-~diagnostic~-0c92d190-fa82-4ed9-855d-d69756d83e79]: Assigning socketPath: /var/folders/cz/rlwy35kd1sd5v93svf6lf_w40000gq/T/fire_emu_6751.sock"}}
[debug] [2022-07-19T07:21:14.080Z] [worker-~diagnostic~-0c92d190-fa82-4ed9-855d-d69756d83e79]: BUSY {"metadata":{"emulator":{"name":"functions"},"message":"[worker-~diagnostic~-0c92d190-fa82-4ed9-855d-d69756d83e79]: BUSY"}}
[debug] [2022-07-19T07:21:14.304Z] [runtime-status] [6751] Functions runtime initialized. {"cwd":"/Users/timkinzer/insightloop/insightloop-ui/functions","node_version":"12.18.1"} {"metadata":{"emulator":{"name":"functions"},"message":"[runtime-status] [6751] Functions runtime initialized. {\"cwd\":\"/Users/timkinzer/insightloop/insightloop-ui/functions\",\"node_version\":\"12.18.1\"}"}}
[debug] [2022-07-19T07:21:14.304Z] [runtime-status] [6751] Disabled runtime features: undefined {"metadata":{"emulator":{"name":"functions"},"message":"[runtime-status] [6751] Disabled runtime features: undefined"}}
[debug] [2022-07-19T07:21:14.306Z] [runtime-status] [6751] Resolved module firebase-admin {"declared":true,"installed":true,"version":"9.12.0","resolution":"/Users/timkinzer/insightloop/insightloop-ui/functions/node_modules/firebase-admin/lib/index.js"} {"metadata":{"emulator":{"name":"functions"},"message":"[runtime-status] [6751] Resolved module firebase-admin {\"declared\":true,\"installed\":true,\"version\":\"9.12.0\",\"resolution\":\"/Users/timkinzer/insightloop/insightloop-ui/functions/node_modules/firebase-admin/lib/index.js\"}"}}
[debug] [2022-07-19T07:21:14.307Z] [runtime-status] [6751] Resolved module firebase-functions {"declared":true,"installed":true,"version":"3.22.0","resolution":"/Users/timkinzer/insightloop/insightloop-ui/functions/node_modules/firebase-functions/lib/index.js"} {"metadata":{"emulator":{"name":"functions"},"message":"[runtime-status] [6751] Resolved module firebase-functions {\"declared\":true,\"installed\":true,\"version\":\"3.22.0\",\"resolution\":\"/Users/timkinzer/insightloop/insightloop-ui/functions/node_modules/firebase-functions/lib/index.js\"}"}}
[debug] [2022-07-19T07:21:14.308Z] [runtime-status] [6751] Outgoing network have been stubbed. [{"name":"http","status":"mocked"},{"name":"http","status":"mocked"},{"name":"https","status":"mocked"},{"name":"https","status":"mocked"},{"name":"net","status":"mocked"}] {"metadata":{"emulator":{"name":"functions"},"message":"[runtime-status] [6751] Outgoing network have been stubbed. [{\"name\":\"http\",\"status\":\"mocked\"},{\"name\":\"http\",\"status\":\"mocked\"},{\"name\":\"https\",\"status\":\"mocked\"},{\"name\":\"https\",\"status\":\"mocked\"},{\"name\":\"net\",\"status\":\"mocked\"}]"}}
[debug] [2022-07-19T07:21:14.308Z] [runtime-status] [6751] Resolved module firebase-functions {"declared":true,"installed":true,"version":"3.22.0","resolution":"/Users/timkinzer/insightloop/insightloop-ui/functions/node_modules/firebase-functions/lib/index.js"} {"metadata":{"emulator":{"name":"functions"},"message":"[runtime-status] [6751] Resolved module firebase-functions {\"declared\":true,\"installed\":true,\"version\":\"3.22.0\",\"resolution\":\"/Users/timkinzer/insightloop/insightloop-ui/functions/node_modules/firebase-functions/lib/index.js\"}"}}
[debug] [2022-07-19T07:21:14.343Z] [runtime-status] [6751] Checked functions.config() {"config":{}} {"metadata":{"emulator":{"name":"functions"},"message":"[runtime-status] [6751] Checked functions.config() {\"config\":{}}"}}
[debug] [2022-07-19T07:21:14.343Z] [runtime-status] [6751] firebase-functions has been stubbed. {"functionsResolution":{"declared":true,"installed":true,"version":"3.22.0","resolution":"/Users/timkinzer/insightloop/insightloop-ui/functions/node_modules/firebase-functions/lib/index.js"}} {"metadata":{"emulator":{"name":"functions"},"message":"[runtime-status] [6751] firebase-functions has been stubbed. {\"functionsResolution\":{\"declared\":true,\"installed\":true,\"version\":\"3.22.0\",\"resolution\":\"/Users/timkinzer/insightloop/insightloop-ui/functions/node_modules/firebase-functions/lib/index.js\"}}"}}
[debug] [2022-07-19T07:21:14.343Z] [runtime-status] [6751] Resolved module firebase-functions {"declared":true,"installed":true,"version":"3.22.0","resolution":"/Users/timkinzer/insightloop/insightloop-ui/functions/node_modules/firebase-functions/lib/index.js"} {"metadata":{"emulator":{"name":"functions"},"message":"[runtime-status] [6751] Resolved module firebase-functions {\"declared\":true,\"installed\":true,\"version\":\"3.22.0\",\"resolution\":\"/Users/timkinzer/insightloop/insightloop-ui/functions/node_modules/firebase-functions/lib/index.js\"}"}}
[debug] [2022-07-19T07:21:14.344Z] [runtime-status] [6751] Resolved module firebase-admin {"declared":true,"installed":true,"version":"9.12.0","resolution":"/Users/timkinzer/insightloop/insightloop-ui/functions/node_modules/firebase-admin/lib/index.js"} {"metadata":{"emulator":{"name":"functions"},"message":"[runtime-status] [6751] Resolved module firebase-admin {\"declared\":true,\"installed\":true,\"version\":\"9.12.0\",\"resolution\":\"/Users/timkinzer/insightloop/insightloop-ui/functions/node_modules/firebase-admin/lib/index.js\"}"}}
[debug] [2022-07-19T07:21:14.344Z] [runtime-status] [6751] Resolved module firebase-functions {"declared":true,"installed":true,"version":"3.22.0","resolution":"/Users/timkinzer/insightloop/insightloop-ui/functions/node_modules/firebase-functions/lib/index.js"} {"metadata":{"emulator":{"name":"functions"},"message":"[runtime-status] [6751] Resolved module firebase-functions {\"declared\":true,\"installed\":true,\"version\":\"3.22.0\",\"resolution\":\"/Users/timkinzer/insightloop/insightloop-ui/functions/node_modules/firebase-functions/lib/index.js\"}"}}
[debug] [2022-07-19T07:21:14.344Z] [runtime-status] [6751] firebase-admin has been stubbed. {"adminResolution":{"declared":true,"installed":true,"version":"9.12.0","resolution":"/Users/timkinzer/insightloop/insightloop-ui/functions/node_modules/firebase-admin/lib/index.js"}} {"metadata":{"emulator":{"name":"functions"},"message":"[runtime-status] [6751] firebase-admin has been stubbed. {\"adminResolution\":{\"declared\":true,\"installed\":true,\"version\":\"9.12.0\",\"resolution\":\"/Users/timkinzer/insightloop/insightloop-ui/functions/node_modules/firebase-admin/lib/index.js\"}}"}}
[warn] ⚠  Error: Cannot find module '/Users/timkinzer/insightloop/insightloop-ui/functions/src/index.js'. Please verify that the package.json has a valid "main" entry
    at tryPackage (internal/modules/cjs/loader.js:320:19)
    at Function.Module._findPath (internal/modules/cjs/loader.js:681:18)
    at Function.Module._resolveFilename (internal/modules/cjs/loader.js:951:27)
    at Function._resolveFilename (pkg/prelude/bootstrap.js:1459:46)
    at Function.Module._load (internal/modules/cjs/loader.js:840:27)
    at Module.require (internal/modules/cjs/loader.js:1024:19)
    at Module.require (pkg/prelude/bootstrap.js:1338:31)
    at require (internal/modules/cjs/helpers.js:72:18)
    at initializeRuntime (/Users/timkinzer/.cache/firebase/tools/lib/node_modules/firebase-tools/lib/emulator/functionsEmulatorRuntime.js:640:29)
    at processTicksAndRejections (internal/process/task_queues.js:97:5) {"metadata":{"emulator":{"name":"functions"},"message":"Error: Cannot find module '/Users/timkinzer/insightloop/insightloop-ui/functions/src/index.js'. Please verify that the package.json has a valid \"main\" entry\n    at tryPackage (internal/modules/cjs/loader.js:320:19)\n    at Function.Module._findPath (internal/modules/cjs/loader.js:681:18)\n    at Function.Module._resolveFilename (internal/modules/cjs/loader.js:951:27)\n    at Function._resolveFilename (pkg/prelude/bootstrap.js:1459:46)\n    at Function.Module._load (internal/modules/cjs/loader.js:840:27)\n    at Module.require (internal/modules/cjs/loader.js:1024:19)\n    at Module.require (pkg/prelude/bootstrap.js:1338:31)\n    at require (internal/modules/cjs/helpers.js:72:18)\n    at initializeRuntime (/Users/timkinzer/.cache/firebase/tools/lib/node_modules/firebase-tools/lib/emulator/functionsEmulatorRuntime.js:640:29)\n    at processTicksAndRejections (internal/process/task_queues.js:97:5)"}}
[warn] ⚠  We were unable to load your functions code. (see above)
   - It appears your code is written in Typescript, which must be compiled before emulation.
   - You may be able to run "npm run build" in your functions directory to resolve this. {"metadata":{"emulator":{"name":"functions"}}}
[debug] [2022-07-19T07:21:14.378Z] [worker-~diagnostic~-0c92d190-fa82-4ed9-855d-d69756d83e79]: exited {"metadata":{"emulator":{"name":"functions"},"message":"[worker-~diagnostic~-0c92d190-fa82-4ed9-855d-d69756d83e79]: exited"}}
[debug] [2022-07-19T07:21:14.378Z] [worker-~diagnostic~-0c92d190-fa82-4ed9-855d-d69756d83e79]: FINISHED {"metadata":{"emulator":{"name":"functions"},"message":"[worker-~diagnostic~-0c92d190-fa82-4ed9-855d-d69756d83e79]: FINISHED"}}
